<?xml version="1.0" encoding="UTF-8"?>
<!-- Generated by org.testng.reporters.JUnitXMLReporter -->
<testsuite ignored="0" hostname="VinhL" failures="0" tests="4" name="Jira - IssueE2E" time="34.558" errors="0" timestamp="2022-11-14T21:34:55 ICT">
  <testcase classname="test.JiraIssueCRUD" name="createIssue" time="14.212"/>
  <testcase classname="test.JiraIssueCRUD" name="deleteIssue" time="2.953"/>
  <testcase classname="test.JiraIssueCRUD" name="testE2EFlow" time="7.189"/>
  <testcase classname="test.JiraIssueCRUD" name="updateIssue" time="4.351"/>
</testsuite> <!-- Jira - IssueE2E -->
