<?xml version="1.0" encoding="UTF-8"?>
<testsuite xmlns:xsi="http://www.w3.org/2001/XMLSchema-instance" xsi:noNamespaceSchemaLocation="https://maven.apache.org/surefire/maven-surefire-plugin/xsd/surefire-test-report-3.0.xsd" version="3.0" name="TestSuite" time="23.823" tests="1" errors="0" skipped="0" failures="0">
  <properties>
[...]
</properties>
  <testcase name="testE2EFlow" classname="test.JiraIssueCRUD" time="21.096">
    <system-out><![CDATA[------>CREATE
------>READ
expectedSummary: jrQ8QNv1w1X0kMzGbEG8
actualSummary: jrQ8QNv1w1X0kMzGbEG8
expectedStatus: To Do
actualStatus: To Do
------>UPDATE
Actual Issue Status is updated: Done
Expected Issue Status is updated: Done
expectedSummary: jrQ8QNv1w1X0kMzGbEG8
actualSummary: jrQ8QNv1w1X0kMzGbEG8
expectedStatus: To Do
actualStatus: Done
------>DELETE
Returned msg: Issue does not exist or you do not have permission to see it.
]]></system-out>
    <system-err><![CDATA[SLF4J: Failed to load class "org.slf4j.impl.StaticLoggerBinder".
SLF4J: Defaulting to no-operation (NOP) logger implementation
SLF4J: See http://www.slf4j.org/codes.html#StaticLoggerBinder for further details.
]]></system-err>
  </testcase>
</testsuite>