<?xml version="1.0" encoding="UTF-8"?>
<testng-results ignored="0" total="1" passed="1" failed="0" skipped="0">
  <reporter-output>
  </reporter-output>
  <suite started-at="2022-11-13T23:30:16 ICT" name="Regression" finished-at="2022-11-13T23:30:37 ICT" duration-ms="21200">
    <groups>
    </groups>
    <test started-at="2022-11-13T23:30:16 ICT" name="Jira - IssueE2E" finished-at="2022-11-13T23:30:37 ICT" duration-ms="21200">
      <class name="test.JiraIssueCRUD">
        <test-method signature="testE2EFlow()[pri:0, instance:test.JiraIssueCRUD@4e268090]" started-at="2022-11-13T23:30:16 ICT" name="testE2EFlow" finished-at="2022-11-13T23:30:37 ICT" duration-ms="21019" status="PASS">
          <reporter-output>
          </reporter-output>
        </test-method> <!-- testE2EFlow -->
      </class> <!-- test.JiraIssueCRUD -->
    </test> <!-- Jira - IssueE2E -->
  </suite> <!-- Regression -->
</testng-results>
