<?xml version="1.0" encoding="UTF-8"?>
<testng-results ignored="0" total="4" passed="4" failed="0" skipped="0">
  <reporter-output>
  </reporter-output>
  <suite started-at="2022-11-14T21:34:21 ICT" name="Regression" finished-at="2022-11-14T21:34:55 ICT" duration-ms="34558">
    <groups>
    </groups>
    <test started-at="2022-11-14T21:34:21 ICT" name="Jira - IssueE2E" finished-at="2022-11-14T21:34:55 ICT" duration-ms="34558">
      <class name="test.JiraIssueCRUD">
        <test-method is-config="true" signature="beforeSuite()[pri:0, instance:test.JiraIssueCRUD@797b0699]" started-at="2022-11-14T21:34:21 ICT" name="beforeSuite" finished-at="2022-11-14T21:34:21 ICT" duration-ms="125" status="PASS">
          <reporter-output>
          </reporter-output>
        </test-method> <!-- beforeSuite -->
        <test-method is-config="true" signature="beforeTest()[pri:0, instance:test.JiraIssueCRUD@797b0699]" started-at="2022-11-14T21:34:21 ICT" name="beforeTest" finished-at="2022-11-14T21:34:26 ICT" duration-ms="5227" status="PASS">
          <reporter-output>
          </reporter-output>
        </test-method> <!-- beforeTest -->
        <test-method signature="createIssue()[pri:0, instance:test.JiraIssueCRUD@797b0699]" started-at="2022-11-14T21:34:26 ICT" name="createIssue" finished-at="2022-11-14T21:34:40 ICT" duration-ms="14212" status="PASS">
          <reporter-output>
          </reporter-output>
        </test-method> <!-- createIssue -->
        <test-method signature="deleteIssue()[pri:0, instance:test.JiraIssueCRUD@797b0699]" started-at="2022-11-14T21:34:41 ICT" name="deleteIssue" finished-at="2022-11-14T21:34:44 ICT" duration-ms="2953" status="PASS">
          <reporter-output>
          </reporter-output>
        </test-method> <!-- deleteIssue -->
        <test-method signature="testE2EFlow()[pri:0, instance:test.JiraIssueCRUD@797b0699]" started-at="2022-11-14T21:34:44 ICT" name="testE2EFlow" finished-at="2022-11-14T21:34:51 ICT" duration-ms="7189" status="PASS">
          <reporter-output>
          </reporter-output>
        </test-method> <!-- testE2EFlow -->
        <test-method signature="updateIssue()[pri:0, instance:test.JiraIssueCRUD@797b0699]" started-at="2022-11-14T21:34:51 ICT" name="updateIssue" finished-at="2022-11-14T21:34:55 ICT" duration-ms="4351" status="PASS">
          <reporter-output>
          </reporter-output>
        </test-method> <!-- updateIssue -->
      </class> <!-- test.JiraIssueCRUD -->
    </test> <!-- Jira - IssueE2E -->
  </suite> <!-- Regression -->
</testng-results>
